#
# There is insufficient memory for the Java Runtime Environment to continue.
# Native memory allocation (malloc) failed to allocate 879616 bytes for Chunk::new
# Possible reasons:
#   The system is out of physical RAM or swap space
#   In 32 bit mode, the process size limit was hit
# Possible solutions:
#   Reduce memory load on the system
#   Increase physical memory or swap space
#   Check if swap backing store is full
#   Use 64 bit Java on a 64 bit OS
#   Decrease Java heap size (-Xmx/-Xms)
#   Decrease number of Java threads
#   Decrease Java thread stack sizes (-Xss)
#   Set larger code cache with -XX:ReservedCodeCacheSize=
# This output file may be truncated or incomplete.
#
#  Out of Memory Error (allocation.cpp:390), pid=8080, tid=0x0000000000002c70
#
# JRE version: Java(TM) SE Runtime Environment (8.0_161-b12) (build 1.8.0_161-b12)
# Java VM: Java HotSpot(TM) 64-Bit Server VM (25.161-b12 mixed mode windows-amd64 compressed oops)
# Failed to write core dump. Minidumps are not enabled by default on client versions of Windows
#

---------------  T H R E A D  ---------------

Current thread (0x0000000015352800):  JavaThread "C2 CompilerThread1" daemon [_thread_in_native, id=11376, stack(0x0000000016da0000,0x0000000016ea0000)]

Stack: [0x0000000016da0000,0x0000000016ea0000]
[error occurred during error reporting (printing stack bounds), id 0xc0000005]

Native frames: (J=compiled Java code, j=interpreted, Vv=VM code, C=native code)


Current CompileTask:
C2:   3035 1027   !   4       java.net.URL::<init> (543 bytes)


---------------  P R O C E S S  ---------------

Java Threads: ( => current thread )
  0x0000000017e8a800 JavaThread "background-preinit" [_thread_in_Java, id=32, stack(0x0000000018ed0000,0x0000000018fd0000)]
  0x000000001802e800 JavaThread "spring.cloud.inetutils" daemon [_thread_in_native, id=9540, stack(0x0000000018bd0000,0x0000000018cd0000)]
  0x0000000016746800 JavaThread "Service Thread" daemon [_thread_blocked, id=2384, stack(0x0000000016fa0000,0x00000000170a0000)]
  0x000000001535d800 JavaThread "C1 CompilerThread2" daemon [_thread_in_vm, id=8208, stack(0x0000000016ea0000,0x0000000016fa0000)]
=>0x0000000015352800 JavaThread "C2 CompilerThread1" daemon [_thread_in_native, id=11376, stack(0x0000000016da0000,0x0000000016ea0000)]
  0x0000000015350800 JavaThread "C2 CompilerThread0" daemon [_thread_in_native, id=15868, stack(0x0000000016ca0000,0x0000000016da0000)]
  0x000000001534f800 JavaThread "Attach Listener" daemon [_thread_blocked, id=6944, stack(0x0000000016ba0000,0x0000000016ca0000)]
  0x00000000166e3800 JavaThread "Signal Dispatcher" daemon [_thread_blocked, id=9100, stack(0x0000000016aa0000,0x0000000016ba0000)]
  0x0000000015320000 JavaThread "Finalizer" daemon [_thread_blocked, id=14752, stack(0x00000000165a0000,0x00000000166a0000)]
  0x0000000002dc7000 JavaThread "Reference Handler" daemon [_thread_blocked, id=15520, stack(0x00000000164a0000,0x00000000165a0000)]
  0x0000000002cd8000 JavaThread "main" [_thread_in_native, id=9552, stack(0x0000000002bd0000,0x0000000002cd0000)]

Other Threads:
  0x00000000152f8000 VMThread [stack: 0x00000000163a0000,0x00000000164a0000] [id=2524]
  0x000000001679b800 WatcherThread [stack: 0x00000000170a0000,0x00000000171a0000] [id=1080]

VM state:not at safepoint (normal execution)

VM Mutex/Monitor currently owned by a thread: None

Heap:
 PSYoungGen      total 34304K, used 30825K [0x00000000eb780000, 0x00000000edb80000, 0x0000000100000000)
  eden space 31744K, 89% used [0x00000000eb780000,0x00000000ed31d2a8,0x00000000ed680000)
  from space 2560K, 99% used [0x00000000ed900000,0x00000000edb7d498,0x00000000edb80000)
  to   space 2560K, 0% used [0x00000000ed680000,0x00000000ed680000,0x00000000ed900000)
 ParOldGen       total 42496K, used 4360K [0x00000000c2600000, 0x00000000c4f80000, 0x00000000eb780000)
  object space 42496K, 10% used [0x00000000c2600000,0x00000000c2a42090,0x00000000c4f80000)
 Metaspace       used 15351K, capacity 15566K, committed 15872K, reserved 1062912K
  class space    used 1941K, capacity 1977K, committed 2048K, reserved 1048576K

Card table byte_map: [0x0000000012190000,0x0000000012380000] byte_map_base: 0x0000000011b7d000

Marking Bits: (ParMarkBitMap*) 0x000000005b7cf860
 Begin Bits: [0x00000000128d0000, 0x0000000013838000)
 End Bits:   [0x0000000013838000, 0x00000000147a0000)

Polling page: 0x0000000002690000

CodeCache: size=245760Kb used=4147Kb max_used=4147Kb free=241612Kb
 bounds [0x0000000002dd0000, 0x00000000031f0000, 0x0000000011dd0000]
 total_blobs=1436 nmethods=1115 adapters=233
 compilation: enabled

Compilation events (10 events):
Event: 3.031 Thread 0x000000001535d800 nmethod 1114 0x00000000031dcd90 code [0x00000000031dcf80, 0x00000000031dd848]
Event: 3.031 Thread 0x000000001535d800 1115       3       sun.reflect.ClassFileAssembler::emitConstantPoolUTF8 (50 bytes)
Event: 3.031 Thread 0x000000001535d800 nmethod 1115 0x00000000031dde10 code [0x00000000031de000, 0x00000000031de668]
Event: 3.031 Thread 0x000000001535d800 1113       3       com.sun.org.apache.xerces.internal.utils.XMLSecurityManager::isOverLimit (10 bytes)
Event: 3.031 Thread 0x000000001535d800 nmethod 1113 0x00000000031deb50 code [0x00000000031decc0, 0x00000000031def68]
Event: 3.031 Thread 0x000000001535d800 1112       3       com.sun.org.apache.xerces.internal.util.XMLChar::isNameStart (22 bytes)
Event: 3.032 Thread 0x000000001535d800 nmethod 1112 0x00000000031df050 code [0x00000000031df1c0, 0x00000000031df3b0]
Event: 3.032 Thread 0x000000001535d800 1117       3       sun.reflect.ClassFileAssembler::setStack (25 bytes)
Event: 3.033 Thread 0x000000001535d800 nmethod 1117 0x00000000031df490 code [0x00000000031df5e0, 0x00000000031df770]
Event: 3.033 Thread 0x000000001535d800 1118       3       com.sun.org.apache.xerces.internal.impl.XMLEntityScanner::scanChar (236 bytes)

GC Heap History (8 events):
Event: 0.768 GC heap before
{Heap before GC invocations=1 (full 0):
 PSYoungGen      total 18432K, used 15872K [0x00000000eb780000, 0x00000000ecc00000, 0x0000000100000000)
  eden space 15872K, 100% used [0x00000000eb780000,0x00000000ec700000,0x00000000ec700000)
  from space 2560K, 0% used [0x00000000ec980000,0x00000000ec980000,0x00000000ecc00000)
  to   space 2560K, 0% used [0x00000000ec700000,0x00000000ec700000,0x00000000ec980000)
 ParOldGen       total 42496K, used 0K [0x00000000c2600000, 0x00000000c4f80000, 0x00000000eb780000)
  object space 42496K, 0% used [0x00000000c2600000,0x00000000c2600000,0x00000000c4f80000)
 Metaspace       used 6334K, capacity 6474K, committed 6784K, reserved 1056768K
  class space    used 747K, capacity 787K, committed 896K, reserved 1048576K
Event: 0.771 GC heap after
Heap after GC invocations=1 (full 0):
 PSYoungGen      total 18432K, used 2542K [0x00000000eb780000, 0x00000000ecc00000, 0x0000000100000000)
  eden space 15872K, 0% used [0x00000000eb780000,0x00000000eb780000,0x00000000ec700000)
  from space 2560K, 99% used [0x00000000ec700000,0x00000000ec97ba10,0x00000000ec980000)
  to   space 2560K, 0% used [0x00000000ec980000,0x00000000ec980000,0x00000000ecc00000)
 ParOldGen       total 42496K, used 1192K [0x00000000c2600000, 0x00000000c4f80000, 0x00000000eb780000)
  object space 42496K, 2% used [0x00000000c2600000,0x00000000c272a3b8,0x00000000c4f80000)
 Metaspace       used 6334K, capacity 6474K, committed 6784K, reserved 1056768K
  class space    used 747K, capacity 787K, committed 896K, reserved 1048576K
}
Event: 0.993 GC heap before
{Heap before GC invocations=2 (full 0):
 PSYoungGen      total 18432K, used 18414K [0x00000000eb780000, 0x00000000ecc00000, 0x0000000100000000)
  eden space 15872K, 100% used [0x00000000eb780000,0x00000000ec700000,0x00000000ec700000)
  from space 2560K, 99% used [0x00000000ec700000,0x00000000ec97ba10,0x00000000ec980000)
  to   space 2560K, 0% used [0x00000000ec980000,0x00000000ec980000,0x00000000ecc00000)
 ParOldGen       total 42496K, used 1192K [0x00000000c2600000, 0x00000000c4f80000, 0x00000000eb780000)
  object space 42496K, 2% used [0x00000000c2600000,0x00000000c272a3b8,0x00000000c4f80000)
 Metaspace       used 8076K, capacity 8208K, committed 8448K, reserved 1056768K
  class space    used 940K, capacity 980K, committed 1024K, reserved 1048576K
Event: 0.998 GC heap after
Heap after GC invocations=2 (full 0):
 PSYoungGen      total 18432K, used 2550K [0x00000000eb780000, 0x00000000edb80000, 0x0000000100000000)
  eden space 15872K, 0% used [0x00000000eb780000,0x00000000eb780000,0x00000000ec700000)
  from space 2560K, 99% used [0x00000000ec980000,0x00000000ecbfdaa8,0x00000000ecc00000)
  to   space 2560K, 0% used [0x00000000ec700000,0x00000000ec700000,0x00000000ec980000)
 ParOldGen       total 42496K, used 2263K [0x00000000c2600000, 0x00000000c4f80000, 0x00000000eb780000)
  object space 42496K, 5% used [0x00000000c2600000,0x00000000c2835f68,0x00000000c4f80000)
 Metaspace       used 8076K, capacity 8208K, committed 8448K, reserved 1056768K
  class space    used 940K, capacity 980K, committed 1024K, reserved 1048576K
}
Event: 1.128 GC heap before
{Heap before GC invocations=3 (full 0):
 PSYoungGen      total 18432K, used 18422K [0x00000000eb780000, 0x00000000edb80000, 0x0000000100000000)
  eden space 15872K, 100% used [0x00000000eb780000,0x00000000ec700000,0x00000000ec700000)
  from space 2560K, 99% used [0x00000000ec980000,0x00000000ecbfdaa8,0x00000000ecc00000)
  to   space 2560K, 0% used [0x00000000ec700000,0x00000000ec700000,0x00000000ec980000)
 ParOldGen       total 42496K, used 2263K [0x00000000c2600000, 0x00000000c4f80000, 0x00000000eb780000)
  object space 42496K, 5% used [0x00000000c2600000,0x00000000c2835f68,0x00000000c4f80000)
 Metaspace       used 9413K, capacity 9584K, committed 9600K, reserved 1058816K
  class space    used 1086K, capacity 1140K, committed 1152K, reserved 1048576K
Event: 1.132 GC heap after
Heap after GC invocations=3 (full 0):
 PSYoungGen      total 18432K, used 2535K [0x00000000eb780000, 0x00000000edb80000, 0x0000000100000000)
  eden space 15872K, 0% used [0x00000000eb780000,0x00000000eb780000,0x00000000ec700000)
  from space 2560K, 99% used [0x00000000ec700000,0x00000000ec979de8,0x00000000ec980000)
  to   space 2560K, 0% used [0x00000000ed900000,0x00000000ed900000,0x00000000edb80000)
 ParOldGen       total 42496K, used 3381K [0x00000000c2600000, 0x00000000c4f80000, 0x00000000eb780000)
  object space 42496K, 7% used [0x00000000c2600000,0x00000000c294d698,0x00000000c4f80000)
 Metaspace       used 9413K, capacity 9584K, committed 9600K, reserved 1058816K
  class space    used 1086K, capacity 1140K, committed 1152K, reserved 1048576K
}
Event: 2.554 GC heap before
{Heap before GC invocations=4 (full 0):
 PSYoungGen      total 18432K, used 18407K [0x00000000eb780000, 0x00000000edb80000, 0x0000000100000000)
  eden space 15872K, 100% used [0x00000000eb780000,0x00000000ec700000,0x00000000ec700000)
  from space 2560K, 99% used [0x00000000ec700000,0x00000000ec979de8,0x00000000ec980000)
  to   space 2560K, 0% used [0x00000000ed900000,0x00000000ed900000,0x00000000edb80000)
 ParOldGen       total 42496K, used 3381K [0x00000000c2600000, 0x00000000c4f80000, 0x00000000eb780000)
  object space 42496K, 7% used [0x00000000c2600000,0x00000000c294d698,0x00000000c4f80000)
 Metaspace       used 10870K, capacity 11056K, committed 11136K, reserved 1058816K
  class space    used 1280K, capacity 1332K, committed 1408K, reserved 1048576K
Event: 2.558 GC heap after
Heap after GC invocations=4 (full 0):
 PSYoungGen      total 34304K, used 2549K [0x00000000eb780000, 0x00000000edb80000, 0x0000000100000000)
  eden space 31744K, 0% used [0x00000000eb780000,0x00000000eb780000,0x00000000ed680000)
  from space 2560K, 99% used [0x00000000ed900000,0x00000000edb7d498,0x00000000edb80000)
  to   space 2560K, 0% used [0x00000000ed680000,0x00000000ed680000,0x00000000ed900000)
 ParOldGen       total 42496K, used 4360K [0x00000000c2600000, 0x00000000c4f80000, 0x00000000eb780000)
  object space 42496K, 10% used [0x00000000c2600000,0x00000000c2a42090,0x00000000c4f80000)
 Metaspace       used 10870K, capacity 11056K, committed 11136K, reserved 1058816K
  class space    used 1280K, capacity 1332K, committed 1408K, reserved 1048576K
}

Deoptimization events (10 events):
Event: 0.230 Thread 0x0000000002cd8000 Uncommon trap: reason=unstable_if action=reinterpret pc=0x0000000002ede160 method=java.lang.String.hashCode()I @ 14
Event: 0.581 Thread 0x0000000002cd8000 Uncommon trap: reason=unstable_if action=reinterpret pc=0x0000000002f9bcb0 method=java.io.WinNTFileSystem.isLetter(C)Z @ 3
Event: 0.714 Thread 0x0000000002cd8000 Uncommon trap: reason=unstable_if action=reinterpret pc=0x0000000002ff8208 method=java.util.HashMap.getNode(ILjava/lang/Object;)Ljava/util/HashMap$Node; @ 129
Event: 0.739 Thread 0x0000000002cd8000 Uncommon trap: reason=range_check action=make_not_entrant pc=0x000000000301eb20 method=sun.reflect.generics.parser.SignatureParser.current()C @ 34
Event: 0.807 Thread 0x0000000002cd8000 Uncommon trap: reason=unstable_if action=reinterpret pc=0x0000000002f68c38 method=java.lang.String.indexOf([CII[CIII)I @ 3
Event: 2.405 Thread 0x0000000002cd8000 Uncommon trap: reason=unstable_if action=reinterpret pc=0x00000000030dd39c method=java.io.WinNTFileSystem.isLetter(C)Z @ 15
Event: 2.577 Thread 0x0000000002cd8000 Uncommon trap: reason=unstable_if action=reinterpret pc=0x00000000030ac1c4 method=sun.nio.cs.UTF_8$Decoder.decode([BII[C)I @ 30
Event: 2.737 Thread 0x0000000002cd8000 Uncommon trap: reason=class_check action=maybe_recompile pc=0x000000000312627c method=java.util.regex.Pattern$CharProperty.match(Ljava/util/regex/Matcher;ILjava/lang/CharSequence;)Z @ 37
Event: 2.949 Thread 0x0000000017e8a800 Uncommon trap: reason=unstable_if action=reinterpret pc=0x00000000030ad038 method=java.util.Properties$LineReader.readLine()I @ 252
Event: 2.950 Thread 0x0000000017e8a800 Uncommon trap: reason=unstable_if action=reinterpret pc=0x00000000030a07f4 method=java.util.Properties$LineReader.readLine()I @ 252

Classes redefined (0 events):
No events

Internal exceptions (10 events):
Event: 0.733 Thread 0x0000000002cd8000 Exception <a 'java/lang/ArrayIndexOutOfBoundsException'> (0x00000000ec55b078) thrown at [C:\re\workspace\8-2-build-windows-amd64-cygwin\jdk8u161\10277\hotspot\src\share\vm\runtime\sharedRuntime.cpp, line 605]
Event: 0.735 Thread 0x0000000002cd8000 Exception <a 'java/lang/ArrayIndexOutOfBoundsException'> (0x00000000ec561618) thrown at [C:\re\workspace\8-2-build-windows-amd64-cygwin\jdk8u161\10277\hotspot\src\share\vm\runtime\sharedRuntime.cpp, line 605]
Event: 0.738 Thread 0x0000000002cd8000 Exception <a 'java/lang/ArrayIndexOutOfBoundsException'> (0x00000000ec567950) thrown at [C:\re\workspace\8-2-build-windows-amd64-cygwin\jdk8u161\10277\hotspot\src\share\vm\runtime\sharedRuntime.cpp, line 605]
Event: 0.739 Thread 0x0000000002cd8000 Exception <a 'java/lang/ArrayIndexOutOfBoundsException': 118> (0x00000000ec56d6b0) thrown at [C:\re\workspace\8-2-build-windows-amd64-cygwin\jdk8u161\10277\hotspot\src\share\vm\interpreter\interpreterRuntime.cpp, line 366]
Event: 0.739 Thread 0x0000000002cd8000 Exception <a 'java/lang/ArrayIndexOutOfBoundsException': 112> (0x00000000ec573350) thrown at [C:\re\workspace\8-2-build-windows-amd64-cygwin\jdk8u161\10277\hotspot\src\share\vm\interpreter\interpreterRuntime.cpp, line 366]
Event: 0.826 Thread 0x0000000002cd8000 Exception <a 'java/io/FileNotFoundException'> (0x00000000eb9fa9b0) thrown at [C:\re\workspace\8-2-build-windows-amd64-cygwin\jdk8u161\10277\hotspot\src\share\vm\prims\jni.cpp, line 709]
Event: 2.465 Thread 0x0000000002cd8000 Exception <a 'java/lang/ClassNotFoundException': java/lang/ObjectCustomizer> (0x00000000ec34e750) thrown at [C:\re\workspace\8-2-build-windows-amd64-cygwin\jdk8u161\10277\hotspot\src\share\vm\classfile\systemDictionary.cpp, line 210]
Event: 2.471 Thread 0x0000000002cd8000 Exception <a 'java/lang/ClassNotFoundException': org/springframework/boot/SpringApplicationCustomizer> (0x00000000ec378d50) thrown at [C:\re\workspace\8-2-build-windows-amd64-cygwin\jdk8u161\10277\hotspot\src\share\vm\classfile\systemDictionary.cpp, line 
Event: 2.895 Thread 0x0000000002cd8000 Exception <a 'java/lang/NoClassDefFoundError': javax/validation/ValidationException> (0x00000000ec9bae10) thrown at [C:\re\workspace\8-2-build-windows-amd64-cygwin\jdk8u161\10277\hotspot\src\share\vm\classfile\systemDictionary.cpp, line 199]
Event: 3.010 Thread 0x0000000002cd8000 Exception <a 'java/lang/NoSuchMethodError': org.slf4j.impl.StaticMDCBinder.getSingleton()Lorg/slf4j/impl/StaticMDCBinder;> (0x00000000ed135760) thrown at [C:\re\workspace\8-2-build-windows-amd64-cygwin\jdk8u161\10277\hotspot\src\share\vm\interpreter\linkR

Events (10 events):
Event: 3.025 loading class org/springframework/expression/spel/SpelCompilerMode
Event: 3.025 loading class org/springframework/expression/spel/SpelCompilerMode done
Event: 3.026 loading class org/springframework/beans/support/ResourceEditorRegistrar
Event: 3.026 loading class org/springframework/beans/support/ResourceEditorRegistrar done
Event: 3.027 loading class org/springframework/context/support/ApplicationContextAwareProcessor
Event: 3.027 loading class org/springframework/context/support/ApplicationContextAwareProcessor done
Event: 3.028 loading class org/springframework/beans/factory/config/EmbeddedValueResolver
Event: 3.028 loading class org/springframework/beans/factory/config/EmbeddedValueResolver done
Event: 3.033 loading class org/springframework/beans/factory/config/BeanExpressionContext
Event: 3.033 loading class org/springframework/beans/factory/config/BeanExpressionContext done


Dynamic libraries:
0x00007ff7ba750000 - 0x00007ff7ba787000 	C:\Program Files\Java\jre1.8.0_161\bin\javaw.exe
0x00007ffa1d140000 - 0x00007ffa1d302000 	C:\Windows\SYSTEM32\ntdll.dll
0x00007ffa1bf20000 - 0x00007ffa1bfcd000 	C:\Windows\system32\KERNEL32.DLL
0x00007ffa1a570000 - 0x00007ffa1a74d000 	C:\Windows\system32\KERNELBASE.dll
0x00007ffa1c1e0000 - 0x00007ffa1c286000 	C:\Windows\system32\ADVAPI32.dll
0x00007ffa1c360000 - 0x00007ffa1c3fd000 	C:\Windows\system32\msvcrt.dll
0x00007ffa1c290000 - 0x00007ffa1c2eb000 	C:\Windows\system32\sechost.dll
0x00007ffa1c9a0000 - 0x00007ffa1cac6000 	C:\Windows\system32\RPCRT4.dll
0x00007ffa1a860000 - 0x00007ffa1a9ae000 	C:\Windows\system32\USER32.dll
0x00007ffa1bfd0000 - 0x00007ffa1c154000 	C:\Windows\system32\GDI32.dll
0x00007ffa0e4e0000 - 0x00007ffa0e754000 	C:\Windows\WinSxS\amd64_microsoft.windows.common-controls_6595b64144ccf1df_6.0.10240.17184_none_f41d7a705752bce6\COMCTL32.dll
0x00007ffa1bee0000 - 0x00007ffa1bf16000 	C:\Windows\system32\IMM32.DLL
0x00007ffa1c840000 - 0x00007ffa1c99c000 	C:\Windows\system32\MSCTF.dll
0x000000005a1c0000 - 0x000000005a292000 	C:\Program Files\Java\jre1.8.0_161\bin\msvcr100.dll
0x000000005afb0000 - 0x000000005b84f000 	C:\Program Files\Java\jre1.8.0_161\bin\server\jvm.dll
0x00007ffa1c680000 - 0x00007ffa1c688000 	C:\Windows\system32\PSAPI.DLL
0x00007ffa165d0000 - 0x00007ffa165d9000 	C:\Windows\SYSTEM32\WSOCK32.dll
0x00007ffa1c170000 - 0x00007ffa1c1d9000 	C:\Windows\system32\WS2_32.dll
0x00007ffa1c160000 - 0x00007ffa1c168000 	C:\Windows\system32\NSI.dll
0x00007ffa15aa0000 - 0x00007ffa15aaa000 	C:\Windows\SYSTEM32\VERSION.dll
0x00007ffa17cc0000 - 0x00007ffa17ce3000 	C:\Windows\SYSTEM32\WINMM.dll
0x00007ffa17c40000 - 0x00007ffa17c6c000 	C:\Windows\SYSTEM32\winmmbase.dll
0x00007ffa1a750000 - 0x00007ffa1a794000 	C:\Windows\system32\cfgmgr32.dll
0x00007ffa184b0000 - 0x00007ffa184d7000 	C:\Windows\SYSTEM32\DEVOBJ.dll
0x000000005afa0000 - 0x000000005afaf000 	C:\Program Files\Java\jre1.8.0_161\bin\verify.dll
0x000000005af70000 - 0x000000005af99000 	C:\Program Files\Java\jre1.8.0_161\bin\java.dll
0x000000005af50000 - 0x000000005af66000 	C:\Program Files\Java\jre1.8.0_161\bin\zip.dll
0x00007ffa1a9b0000 - 0x00007ffa1bed3000 	C:\Windows\system32\SHELL32.dll
0x00007ffa19c00000 - 0x00007ffa1a229000 	C:\Windows\system32\windows.storage.dll
0x00007ffa1c400000 - 0x00007ffa1c67c000 	C:\Windows\system32\combase.dll
0x00007ffa1cd30000 - 0x00007ffa1cd81000 	C:\Windows\system32\shlwapi.dll
0x00007ffa19b80000 - 0x00007ffa19b8f000 	C:\Windows\system32\kernel.appcore.dll
0x00007ffa1a4b0000 - 0x00007ffa1a563000 	C:\Windows\system32\shcore.dll
0x00007ffa19bb0000 - 0x00007ffa19bfa000 	C:\Windows\system32\powrprof.dll
0x00007ffa19b90000 - 0x00007ffa19ba3000 	C:\Windows\system32\profapi.dll
0x000000005af30000 - 0x000000005af4a000 	C:\Program Files\Java\jre1.8.0_161\bin\net.dll
0x00007ffa19340000 - 0x00007ffa1939d000 	C:\Windows\system32\mswsock.dll
0x00007ffa16850000 - 0x00007ffa16888000 	C:\Windows\SYSTEM32\IPHLPAPI.DLL
0x00007ffa16840000 - 0x00007ffa1684b000 	C:\Windows\SYSTEM32\WINNSI.DLL
0x00007ffa14ae0000 - 0x00007ffa14af6000 	C:\Windows\SYSTEM32\dhcpcsvc6.DLL
0x00007ffa14ac0000 - 0x00007ffa14ada000 	C:\Windows\SYSTEM32\dhcpcsvc.DLL
0x00007ffa19100000 - 0x00007ffa191a8000 	C:\Windows\SYSTEM32\DNSAPI.dll
0x000000005a1b0000 - 0x000000005a1bd000 	C:\Program Files\Java\jre1.8.0_161\bin\management.dll
0x00007ffa0f7e0000 - 0x00007ffa0f7f5000 	C:\Windows\system32\napinsp.dll
0x00007ffa0f7c0000 - 0x00007ffa0f7da000 	C:\Windows\system32\pnrpnsp.dll
0x00007ffa168b0000 - 0x00007ffa168c8000 	C:\Windows\system32\NLAapi.dll
0x00007ffa0f800000 - 0x00007ffa0f80d000 	C:\Windows\System32\winrnr.dll
0x00007ffa111e0000 - 0x00007ffa111f5000 	C:\Windows\system32\wshbth.dll
0x00007ffa12210000 - 0x00007ffa1221a000 	C:\Windows\System32\rasadhlp.dll
0x00007ffa14560000 - 0x00007ffa145c8000 	C:\Windows\System32\fwpuclnt.dll
0x00007ffa19a90000 - 0x00007ffa19ab8000 	C:\Windows\SYSTEM32\bcrypt.dll

VM Arguments:
jvm_args: -Dfile.encoding=UTF-8 
java_command: com.golaxy.Application
java_class_path (initial): E:\¹¤×÷Çø\zktj-workspace\mysql2pg\target\classes;C:\Users\lx\.m2\repository\org\springframework\spring-core\4.3.4.RELEASE\spring-core-4.3.4.RELEASE.jar;C:\Users\lx\.m2\repository\org\springframework\boot\spring-boot\1.4.2.RELEASE\spring-boot-1.4.2.RELEASE.jar;C:\Users\lx\.m2\repository\org\springframework\spring-context\4.3.4.RELEASE\spring-context-4.3.4.RELEASE.jar;C:\Users\lx\.m2\repository\org\springframework\spring-expression\4.3.4.RELEASE\spring-expression-4.3.4.RELEASE.jar;C:\Users\lx\.m2\repository\org\springframework\boot\spring-boot-autoconfigure\1.4.2.RELEASE\spring-boot-autoconfigure-1.4.2.RELEASE.jar;C:\Users\lx\.m2\repository\org\springframework\boot\spring-boot-starter\1.4.2.RELEASE\spring-boot-starter-1.4.2.RELEASE.jar;C:\Users\lx\.m2\repository\org\springframework\boot\spring-boot-starter-logging\1.4.2.RELEASE\spring-boot-starter-logging-1.4.2.RELEASE.jar;C:\Users\lx\.m2\repository\ch\qos\logback\logback-classic\1.1.7\logback-classic-1.1.7.jar;C:\Users\lx\.m2\repository\ch\qos\logback\logback-core\1.1.7\logback-core-1.1.7.jar;C:\Users\lx\.m2\repository\org\slf4j\jcl-over-slf4j\1.7.21\jcl-over-slf4j-1.7.21.jar;C:\Users\lx\.m2\repository\org\slf4j\jul-to-slf4j\1.7.21\jul-to-slf4j-1.7.21.jar;C:\Users\lx\.m2\repository\org\slf4j\log4j-over-slf4j\1.7.21\log4j-over-slf4j-1.7.21.jar;C:\Users\lx\.m2\repository\org\yaml\snakeyaml\1.17\snakeyaml-1.17.jar;C:\Users\lx\.m2\repository\org\springframework\cloud\spring-cloud-starter-eureka\1.1.0.RELEASE\spring-cloud-starter-eureka-1.1.0.RELEASE.jar;C:\Users\lx\.m2\repository\org\springframework\boot\spring-boot-starter-web\1.4.2.RELEASE\spring-boot-starter-web-1.4.2.RELEASE.jar;C:\Users\lx\.m2\repository\org\springframework\boot\spring-boot-starter-tomcat\1.4.2.RELEASE\spring-boot-starter-tomcat-1.4.2.RELEASE.jar;C:\Users\lx\.m2\repository\org\apache\tomcat\embed\tomcat-embed-core\8.5.6\tomcat-embed-core-8.5.6.jar;C:\Users\lx\.m2\repository\org\apache\tomcat\embed\tomcat-embed-el\8.5.6\t
Launcher Type: SUN_STANDARD

Environment Variables:
JAVA_HOME=C:\Program Files\Java\jdk1.8.0_121
CLASSPATH=C:\Program Files\Java\jdk1.8.0_121\lib;
PATH=C:/Program Files/Java/jre1.8.0_161/bin/server;C:/Program Files/Java/jre1.8.0_161/bin;C:/Program Files/Java/jre1.8.0_161/lib/amd64;D:\app\lx\product\11.2.0\dbhome_1\bin;C:\ProgramData\Oracle\Java\javapath;C:\Windows\system32;C:\Windows;C:\Windows\System32\Wbem;C:\Windows\System32\WindowsPowerShell\v1.0\;C:\Program Files\Java\jdk1.8.0_121\bin;E:\Program Files\apache-maven-3.3.9\bin;D:\Program Files\Git\cmd;D:\Program Files\TortoiseSVN\bin;D:\Program Files (x86)\VisualSVN Server\bin;C:\Python27;D:\Program Files\curl-7.56.1-win64-mingw\bin;d:\Program Files\IDM Computer Solutions\UltraEdit;D:\Program Files\PuTTY\;E:\tools\eclipseTools\eclipse-jee-neon-2-win32-x86_64\eclipse;
USERNAME=lx
OS=Windows_NT
PROCESSOR_IDENTIFIER=Intel64 Family 6 Model 58 Stepping 9, GenuineIntel



---------------  S Y S T E M  ---------------

OS: Windows 10.0 , 64 bit Build 10240 (10.0.10240.17113)

CPU:total 4 (initial active 4) (2 cores per cpu, 2 threads per core) family 6 model 58 stepping 9, cmov, cx8, fxsr, mmx, sse, sse2, sse3, ssse3, sse4.1, sse4.2, popcnt, avx, clmul, erms, ht, tsc, tscinvbit, tscinv

Memory: 4k page, physical 4038048k(556872k free), swap 14524060k(4264k free)

vm_info: Java HotSpot(TM) 64-Bit Server VM (25.161-b12) for windows-amd64 JRE (1.8.0_161-b12), built on Dec 19 2017 17:52:25 by "java_re" with MS VC++ 10.0 (VS2010)

time: Fri May 25 18:38:57 2018
elapsed time: 3 seconds (0d 0h 0m 3s)

