2018-06-06 15:07:58 [INFO] [org.springframework.context.support.AbstractApplicationContext:582] - Refreshing org.springframework.context.annotation.AnnotationConfigApplicationContext@932bc4a: startup date [Wed Jun 06 15:07:58 CST 2018]; root of context hierarchy
2018-06-06 15:07:59 [INFO] [org.springframework.beans.factory.annotation.AutowiredAnnotationBeanPostProcessor:155] - JSR-330 'javax.inject.Inject' annotation found and supported for autowiring
2018-06-06 15:07:59 [INFO] [org.springframework.context.support.PostProcessorRegistrationDelegate$BeanPostProcessorChecker:325] - Bean 'configurationPropertiesRebinderAutoConfiguration' of type [class org.springframework.cloud.autoconfigure.ConfigurationPropertiesRebinderAutoConfiguration$$EnhancerBySpringCGLIB$$db9885ef] is not eligible for getting processed by all BeanPostProcessors (for example: not eligible for auto-proxying)
2018-06-06 15:08:09 [INFO] [org.springframework.context.support.AbstractApplicationContext:582] - Refreshing org.springframework.context.annotation.AnnotationConfigApplicationContext@4097cac: startup date [Wed Jun 06 15:08:09 CST 2018]; root of context hierarchy
2018-06-06 15:08:10 [INFO] [org.springframework.beans.factory.annotation.AutowiredAnnotationBeanPostProcessor:155] - JSR-330 'javax.inject.Inject' annotation found and supported for autowiring
2018-06-06 15:08:10 [INFO] [org.springframework.context.support.PostProcessorRegistrationDelegate$BeanPostProcessorChecker:325] - Bean 'configurationPropertiesRebinderAutoConfiguration' of type [class org.springframework.cloud.autoconfigure.ConfigurationPropertiesRebinderAutoConfiguration$$EnhancerBySpringCGLIB$$a1689e50] is not eligible for getting processed by all BeanPostProcessors (for example: not eligible for auto-proxying)
2018-06-06 15:08:12 [INFO] [org.springframework.cloud.commons.util.InetUtils:154] - Cannot determine local hostname
2018-06-06 15:08:12 [INFO] [org.springframework.boot.SpringApplication:665] - The following profiles are active: prod
2018-06-06 15:08:12 [INFO] [org.springframework.context.support.AbstractApplicationContext:582] - Refreshing org.springframework.context.annotation.AnnotationConfigApplicationContext@534243e4: startup date [Wed Jun 06 15:08:12 CST 2018]; parent: org.springframework.context.annotation.AnnotationConfigApplicationContext@4097cac
2018-06-06 15:08:13 [INFO] [org.springframework.beans.factory.support.DefaultListableBeanFactory:821] - Overriding bean definition for bean 'webSiteInfoService' with a different definition: replacing [Generic bean: class [com.golaxy.service.WebSiteInfoService]; scope=singleton; abstract=false; lazyInit=false; autowireMode=0; dependencyCheck=0; autowireCandidate=true; primary=false; factoryBeanName=null; factoryMethodName=null; initMethodName=null; destroyMethodName=null; defined in file [E:\工作区\zktj-workspace\PingtaiAndWebsite2Pg\target\classes\com\golaxy\service\WebSiteInfoService.class]] with [Root bean: class [null]; scope=; abstract=false; lazyInit=false; autowireMode=3; dependencyCheck=0; autowireCandidate=true; primary=false; factoryBeanName=application; factoryMethodName=webSiteInfoService; initMethodName=null; destroyMethodName=(inferred); defined in com.golaxy.Application]
2018-06-06 15:08:13 [INFO] [org.springframework.beans.factory.support.DefaultListableBeanFactory:821] - Overriding bean definition for bean 'keywordRuleServie' with a different definition: replacing [Generic bean: class [com.golaxy.service.KeywordRuleServie]; scope=singleton; abstract=false; lazyInit=false; autowireMode=0; dependencyCheck=0; autowireCandidate=true; primary=false; factoryBeanName=null; factoryMethodName=null; initMethodName=null; destroyMethodName=null; defined in file [E:\工作区\zktj-workspace\PingtaiAndWebsite2Pg\target\classes\com\golaxy\service\KeywordRuleServie.class]] with [Root bean: class [null]; scope=; abstract=false; lazyInit=false; autowireMode=3; dependencyCheck=0; autowireCandidate=true; primary=false; factoryBeanName=application; factoryMethodName=keywordRuleServie; initMethodName=null; destroyMethodName=(inferred); defined in com.golaxy.Application]
2018-06-06 15:08:13 [INFO] [org.springframework.beans.factory.support.DefaultListableBeanFactory:821] - Overriding bean definition for bean 'pingtaiInfoService' with a different definition: replacing [Generic bean: class [com.golaxy.service.PingtaiInfoService]; scope=singleton; abstract=false; lazyInit=false; autowireMode=0; dependencyCheck=0; autowireCandidate=true; primary=false; factoryBeanName=null; factoryMethodName=null; initMethodName=null; destroyMethodName=null; defined in file [E:\工作区\zktj-workspace\PingtaiAndWebsite2Pg\target\classes\com\golaxy\service\PingtaiInfoService.class]] with [Root bean: class [null]; scope=; abstract=false; lazyInit=false; autowireMode=3; dependencyCheck=0; autowireCandidate=true; primary=false; factoryBeanName=application; factoryMethodName=pingtaiInfoService; initMethodName=null; destroyMethodName=(inferred); defined in com.golaxy.Application]
2018-06-06 15:08:14 [WARN] [org.springframework.context.annotation.ConfigurationClassPostProcessor:389] - Cannot enhance @Configuration bean definition 'refreshScope' since its singleton instance has been created too early. The typical cause is a non-static @Bean method with a BeanDefinitionRegistryPostProcessor return type: Consider declaring such methods as 'static'.
2018-06-06 15:08:14 [INFO] [org.springframework.cloud.context.scope.GenericScope:263] - BeanFactory id=33c778ba-8c72-3944-8350-5de3b9eb545e
2018-06-06 15:08:14 [INFO] [org.springframework.beans.factory.annotation.AutowiredAnnotationBeanPostProcessor:155] - JSR-330 'javax.inject.Inject' annotation found and supported for autowiring
2018-06-06 15:08:14 [INFO] [org.springframework.context.support.PostProcessorRegistrationDelegate$BeanPostProcessorChecker:325] - Bean 'eurekaClient' of type [class org.springframework.aop.scope.ScopedProxyFactoryBean] is not eligible for getting processed by all BeanPostProcessors (for example: not eligible for auto-proxying)
2018-06-06 15:08:14 [INFO] [org.springframework.context.support.PostProcessorRegistrationDelegate$BeanPostProcessorChecker:325] - Bean 'eurekaApplicationInfoManager' of type [class org.springframework.aop.scope.ScopedProxyFactoryBean] is not eligible for getting processed by all BeanPostProcessors (for example: not eligible for auto-proxying)
2018-06-06 15:08:14 [INFO] [org.springframework.context.support.PostProcessorRegistrationDelegate$BeanPostProcessorChecker:325] - Bean 'org.springframework.transaction.annotation.ProxyTransactionManagementConfiguration' of type [class org.springframework.transaction.annotation.ProxyTransactionManagementConfiguration$$EnhancerBySpringCGLIB$$854e9b53] is not eligible for getting processed by all BeanPostProcessors (for example: not eligible for auto-proxying)
2018-06-06 15:08:14 [INFO] [org.springframework.context.support.PostProcessorRegistrationDelegate$BeanPostProcessorChecker:325] - Bean 'org.springframework.cloud.autoconfigure.ConfigurationPropertiesRebinderAutoConfiguration' of type [class org.springframework.cloud.autoconfigure.ConfigurationPropertiesRebinderAutoConfiguration$$EnhancerBySpringCGLIB$$a1689e50] is not eligible for getting processed by all BeanPostProcessors (for example: not eligible for auto-proxying)
2018-06-06 15:08:15 [WARN] [org.apache.juli.logging.DirectJDKLog:179] - Not loading a JDBC driver as driverClassName property is null.
2018-06-06 15:08:16 [WARN] [org.apache.juli.logging.DirectJDKLog:179] - Not loading a JDBC driver as driverClassName property is null.
2018-06-06 15:08:16 [WARN] [org.apache.juli.logging.DirectJDKLog:179] - Not loading a JDBC driver as driverClassName property is null.
2018-06-06 15:08:16 [WARN] [org.apache.juli.logging.DirectJDKLog:179] - Not loading a JDBC driver as driverClassName property is null.
2018-06-06 15:08:16 [WARN] [org.apache.juli.logging.DirectJDKLog:179] - Not loading a JDBC driver as driverClassName property is null.
2018-06-06 15:08:16 [WARN] [org.apache.juli.logging.DirectJDKLog:179] - Not loading a JDBC driver as driverClassName property is null.
2018-06-06 15:08:16 [WARN] [org.apache.juli.logging.DirectJDKLog:179] - Not loading a JDBC driver as driverClassName property is null.
2018-06-06 15:08:16 [WARN] [org.apache.juli.logging.DirectJDKLog:179] - Not loading a JDBC driver as driverClassName property is null.
2018-06-06 15:08:16 [WARN] [org.apache.juli.logging.DirectJDKLog:179] - Not loading a JDBC driver as driverClassName property is null.
2018-06-06 15:08:16 [WARN] [org.apache.juli.logging.DirectJDKLog:179] - Not loading a JDBC driver as driverClassName property is null.
2018-06-06 15:08:16 [INFO] [org.springframework.orm.jpa.LocalContainerEntityManagerFactoryBean:349] - Building JPA container EntityManagerFactory for persistence unit 'FundsTask'
2018-06-06 15:08:16 [INFO] [org.hibernate.jpa.internal.util.LogHelper:31] - HHH000204: Processing PersistenceUnitInfo [
	name: FundsTask
	...]
2018-06-06 15:08:16 [INFO] [org.hibernate.Version:37] - HHH000412: Hibernate Core {5.0.11.Final}
2018-06-06 15:08:16 [INFO] [org.hibernate.cfg.Environment:213] - HHH000206: hibernate.properties not found
2018-06-06 15:08:16 [INFO] [org.hibernate.cfg.Environment:317] - HHH000021: Bytecode provider name : javassist
2018-06-06 15:08:17 [INFO] [org.hibernate.annotations.common.reflection.java.JavaReflectionManager:66] - HCANN000001: Hibernate Commons Annotations {5.0.1.Final}
2018-06-06 15:08:17 [INFO] [org.hibernate.dialect.Dialect:156] - HHH000400: Using dialect: org.hibernate.dialect.PostgreSQLDialect
2018-06-06 15:08:17 [INFO] [org.hibernate.type.BasicTypeRegistry:139] - HHH000270: Type registration [java.util.UUID] overrides previous : org.hibernate.type.UUIDBinaryType@7c1a8f0f
2018-06-06 15:08:18 [INFO] [org.springframework.orm.jpa.AbstractEntityManagerFactoryBean:382] - Initialized JPA EntityManagerFactory for persistence unit 'FundsTask'
2018-06-06 15:08:18 [INFO] [org.springframework.orm.jpa.LocalContainerEntityManagerFactoryBean:349] - Building JPA container EntityManagerFactory for persistence unit 'CPostgresSourceConfig'
2018-06-06 15:08:18 [INFO] [org.hibernate.jpa.internal.util.LogHelper:31] - HHH000204: Processing PersistenceUnitInfo [
	name: CPostgresSourceConfig
	...]
2018-06-06 15:08:18 [INFO] [org.hibernate.dialect.Dialect:156] - HHH000400: Using dialect: org.hibernate.dialect.PostgreSQLDialect
2018-06-06 15:08:19 [INFO] [org.hibernate.engine.jdbc.env.internal.LobCreatorBuilderImpl:124] - HHH000424: Disabling contextual LOB creation as createClob() method threw error : java.lang.reflect.InvocationTargetException
2018-06-06 15:08:19 [INFO] [org.hibernate.type.BasicTypeRegistry:139] - HHH000270: Type registration [java.util.UUID] overrides previous : org.hibernate.type.UUIDBinaryType@7c1a8f0f
2018-06-06 15:08:19 [INFO] [org.springframework.orm.jpa.AbstractEntityManagerFactoryBean:382] - Initialized JPA EntityManagerFactory for persistence unit 'CPostgresSourceConfig'
2018-06-06 15:08:22 [INFO] [org.springframework.cloud.commons.util.InetUtils:154] - Cannot determine local hostname
2018-06-06 15:08:22 [WARN] [com.netflix.config.sources.URLConfigurationSource:121] - No URLs will be polled as dynamic configuration sources.
2018-06-06 15:08:22 [INFO] [com.netflix.config.sources.URLConfigurationSource:122] - To enable URLs as dynamic configuration sources, define System property archaius.configurationSource.additionalUrls or make config.properties available on classpath.
2018-06-06 15:08:22 [WARN] [com.netflix.config.sources.URLConfigurationSource:121] - No URLs will be polled as dynamic configuration sources.
2018-06-06 15:08:22 [INFO] [com.netflix.config.sources.URLConfigurationSource:122] - To enable URLs as dynamic configuration sources, define System property archaius.configurationSource.additionalUrls or make config.properties available on classpath.
2018-06-06 15:08:23 [INFO] [org.springframework.jmx.export.MBeanExporter:431] - Registering beans for JMX exposure on startup
2018-06-06 15:08:23 [INFO] [org.springframework.jmx.export.MBeanExporter:912] - Bean with name 'refreshScope' has been autodetected for JMX exposure
2018-06-06 15:08:23 [INFO] [org.springframework.jmx.export.MBeanExporter:912] - Bean with name 'environmentManager' has been autodetected for JMX exposure
2018-06-06 15:08:23 [INFO] [org.springframework.jmx.export.MBeanExporter:912] - Bean with name 'configurationPropertiesRebinder' has been autodetected for JMX exposure
2018-06-06 15:08:23 [INFO] [org.springframework.jmx.export.MBeanExporter:674] - Located managed bean 'environmentManager': registering with JMX server as MBean [org.springframework.cloud.context.environment:name=environmentManager,type=EnvironmentManager]
2018-06-06 15:08:23 [INFO] [org.springframework.jmx.export.MBeanExporter:674] - Located managed bean 'refreshScope': registering with JMX server as MBean [org.springframework.cloud.context.scope.refresh:name=refreshScope,type=RefreshScope]
2018-06-06 15:08:23 [INFO] [org.springframework.jmx.export.MBeanExporter:674] - Located managed bean 'configurationPropertiesRebinder': registering with JMX server as MBean [org.springframework.cloud.context.properties:name=configurationPropertiesRebinder,context=534243e4,type=ConfigurationPropertiesRebinder]
